  2024-09-18 07:03:12 App\Jobs\FailJob ............................... RUNNING
  2024-09-18 07:03:12 App\Jobs\FailJob ............................... RUNNING
  2024-09-18 07:06:25 App\Jobs\FailJob ............................... RUNNING
  2024-09-18 07:06:25 App\Jobs\FailJob ............................... RUNNING
  2024-09-18 07:06:25 App\Jobs\FailJob .......................... 19.87ms FAIL
  2024-09-18 07:13:18 App\Jobs\FailJob  2024-09-18 07:13:18 App\Jobs\FailJob ............................... RUNNING
 ............................... RUNNING
  2024-09-18 07:13:18 App\Jobs\FailJob ..........................  2024-09-18 07:13:18 App\Jobs\FailJob .......................... 19.18ms 19.90ms FAIL
 FAIL
  2024-09-18 07:13:18 App\Jobs\FailJob ............................... RUNNING
  2024-09-18 07:13:18 App\Jobs\FailJob ........................... 3.33ms FAIL
  2024-09-18 07:13:18 App\Jobs\FailJob ............................... RUNNING
  2024-09-18 07:13:18 App\Jobs\FailJob ........................... 6.21ms FAIL
  2024-09-18 07:13:18 App\Jobs\FailJob ............................... RUNNING
  2024-09-18 07:13:18 App\Jobs\FailJob ............................... RUNNING
  2024-09-18 07:13:18 App\Jobs\FailJob ........................... 3.60ms FAIL
  2024-09-18 07:13:18 App\Jobs\FailJob ........................... 9.14ms FAIL
  2024-09-18 07:13:18 App\Jobs\FailJob ............................... RUNNING
  2024-09-18 07:13:18 App\Jobs\FailJob ............................... RUNNING
  2024-09-18 07:13:18 App\Jobs\FailJob ........................... 6.71ms FAIL
  2024-09-18 07:13:18 App\Jobs\FailJob ........................... 6.51ms FAIL
  2024-09-18 07:13:18 App\Jobs\FailJob ............................... RUNNING
  2024-09-18 07:13:18 App\Jobs\FailJob ............................... RUNNING
  2024-09-18 07:13:18 App\Jobs\FailJob ........................... 5.24ms FAIL
  2024-09-18 07:13:18 App\Jobs\FailJob ........................... 6.43ms FAIL
  2024-09-18 07:13:18 App\Jobs\SucessJob ............................. RUNNING
  2024-09-18 07:13:18 App\Jobs\SucessJob ............................. RUNNING
  2024-09-18 07:13:18 App\Jobs\SucessJob ......................... 6.62ms FAIL
  2024-09-18 07:13:18 App\Jobs\SucessJob ......................... 5.57ms FAIL
  2024-09-18 07:13:18 App\Jobs\SucessJob ............................. RUNNING
  2024-09-18 07:13:18 App\Jobs\SucessJob ......................... 3.42ms FAIL
  2024-09-18 07:13:18 App\Jobs\SucessJob ............................. RUNNING
  2024-09-18 07:13:18 App\Jobs\SucessJob ............................. RUNNING
  2024-09-18 07:13:18 App\Jobs\SucessJob ......................... 5.29ms FAIL
  2024-09-18 07:13:18 App\Jobs\SucessJob ......................... 5.59ms FAIL
  2024-09-18 07:13:18 App\Jobs\SucessJob ............................. RUNNING
  2024-09-18 07:13:18 App\Jobs\SucessJob ......................... 3.39ms FAIL
  2024-09-18 07:13:18 App\Jobs\SucessJob  2024-09-18 07:13:18 App\Jobs\SucessJob ............................. RUNNING
 ............................. RUNNING
  2024-09-18 07:13:18 App\Jobs\SucessJob ......................... 6.15ms FAIL
  2024-09-18 07:13:18 App\Jobs\SucessJob  2024-09-18 07:13:18 App\Jobs\SucessJob ........................ ............................. 13.30ms FAIL
 RUNNING
  2024-09-18 07:13:18 App\Jobs\SucessJob  2024-09-18 07:13:18 App\Jobs\SucessJob ......................... ............................. RUNNING
 3.33ms FAIL
  2024-09-18 07:13:18 App\Jobs\FailJob ............................... RUNNING
  2024-09-18 07:13:18 App\Jobs\FailJob ........................... 2.49ms FAIL
  2024-09-18 07:13:18 App\Jobs\SucessJob ........................ 10.06ms FAIL
  2024-09-18 07:13:18 App\Jobs\FailJob ............................... RUNNING
  2024-09-18 07:13:18 App\Jobs\FailJob ........................... 2.97ms FAIL
  2024-09-18 07:13:18 App\Jobs\FailJob  2024-09-18 07:13:18 App\Jobs\FailJob ............................... RUNNING
 ............................... RUNNING
  2024-09-18 07:13:18 App\Jobs\FailJob ........................... 4.28ms FAIL
  2024-09-18 07:13:18 App\Jobs\FailJob ...............................  2024-09-18 07:13:18 App\Jobs\FailJob RUNNING
 ........................... 8.73ms FAIL
  2024-09-18 07:13:18 App\Jobs\FailJob ........................... 3.26ms FAIL
  2024-09-18 07:13:18 App\Jobs\FailJob  2024-09-18 07:13:18 App\Jobs\FailJob ............................... RUNNING
 ............................... RUNNING
  2024-09-18 07:13:18 App\Jobs\FailJob ........................... 3.42ms FAIL
  2024-09-18 07:13:18 App\Jobs\FailJob ............................... RUNNING
  2024-09-18 07:13:18 App\Jobs\FailJob  2024-09-18 07:13:18 App\Jobs\FailJob ........................... 9.23ms ........................... 3.99ms FAIL
 FAIL
  2024-09-18 07:13:18 App\Jobs\FailJob ............................... RUNNING
  2024-09-18 07:13:18 App\Jobs\FailJob ........................... 5.20ms FAIL
  2024-09-18 07:13:18 App\Jobs\FailJob ............................... RUNNING
  2024-09-18 07:13:18 App\Jobs\SucessJob ............................. RUNNING
  2024-09-18 07:13:18 App\Jobs\SucessJob ......................... 3.20ms FAIL
  2024-09-18 07:13:18 App\Jobs\FailJob .......................... 10.45ms FAIL
  2024-09-18 07:13:18 App\Jobs\SucessJob ............................. RUNNING
  2024-09-18 07:13:18 App\Jobs\SucessJob ......................... 4.07ms FAIL
  2024-09-18 07:13:18 App\Jobs\SucessJob .............................  2024-09-18 07:13:18 App\Jobs\SucessJob RUNNING
 ............................. RUNNING
  2024-09-18 07:13:18 App\Jobs\SucessJob ......................... 3.97ms FAIL
  2024-09-18 07:13:18 App\Jobs\SucessJob ......................... 6.29ms FAIL
  2024-09-18 07:13:18 App\Jobs\SucessJob ............................. RUNNING
  2024-09-18 07:13:18 App\Jobs\SucessJob ......................... 4.63ms FAIL
  2024-09-18 07:13:18 App\Jobs\SucessJob ............................. RUNNING
  2024-09-18 07:13:18 App\Jobs\SucessJob ............................. RUNNING
  2024-09-18 07:13:18 App\Jobs\SucessJob  2024-09-18 07:13:18 App\Jobs\SucessJob ......................... 5.73ms FAIL
 ......................... 4.06ms FAIL
  2024-09-18 07:13:18 App\Jobs\SucessJob ............................. RUNNING
  2024-09-18 07:13:18 App\Jobs\SucessJob ............................. RUNNING
  2024-09-18 07:13:18 App\Jobs\SucessJob ......................... 2.73ms FAIL
  2024-09-18 07:13:18 App\Jobs\SucessJob ........................ 10.37ms FAIL
  2024-09-18 07:13:18 App\Jobs\SucessJob ............................. RUNNING
  2024-09-18 07:13:18 App\Jobs\SucessJob ......................... 3.03ms  2024-09-18 07:13:18 App\Jobs\FailJob FAIL
  2024-09-18 07:13:18 App\Jobs\FailJob ............................... RUNNING
 ............................... RUNNING
  2024-09-18 07:13:18 App\Jobs\FailJob ........................... 5.06ms FAIL
  2024-09-18 07:13:18 App\Jobs\FailJob .......................... 12.22ms FAIL
  2024-09-18 07:13:19 App\Jobs\FailJob ............................... RUNNING
  2024-09-18 07:13:19 App\Jobs\FailJob ........................... 4.56ms FAIL
  2024-09-18 07:13:19 App\Jobs\FailJob ............................... RUNNING
  2024-09-18 07:13:19 App\Jobs\FailJob ........................... 3.67ms FAIL
  2024-09-18 07:13:21 App\Jobs\FailJob ............................... RUNNING
  2024-09-18 07:13:21 App\Jobs\FailJob ............................... RUNNING
  2024-09-18 07:13:21 App\Jobs\FailJob ........................... 2.90ms FAIL
  2024-09-18 07:13:21 App\Jobs\FailJob ........................... 4.04ms FAIL
  2024-09-18 07:13:24 App\Jobs\FailJob ............................... RUNNING
  2024-09-18 07:13:24 App\Jobs\FailJob ........................... 4.65ms FAIL
  2024-09-18 07:13:24 App\Jobs\FailJob ............................... RUNNING
  2024-09-18 07:13:24 App\Jobs\FailJob ........................... 2.81ms FAIL
  2024-09-18 07:13:25 App\Jobs\SucessJob ............................. RUNNING
  2024-09-18 07:13:25 App\Jobs\FailJob ............................... RUNNING
  2024-09-18 07:13:25 App\Jobs\SucessJob .........................  2024-09-18 07:13:25 App\Jobs\FailJob ........................... 3.60ms FAIL
 2.67ms FAIL
  2024-09-18 07:13:27 App\Jobs\FailJob ............................... RUNNING
  2024-09-18 07:13:27 App\Jobs\FailJob ........................... 2.88ms FAIL
  2024-09-18 07:13:27 App\Jobs\SucessJob ............................. RUNNING
  2024-09-18 07:13:27 App\Jobs\SucessJob ......................... 3.00ms FAIL
  2024-09-18 07:13:30 App\Jobs\SucessJob  2024-09-18 07:13:30 App\Jobs\SucessJob ............................. RUNNING
 ............................. RUNNING
  2024-09-18 07:13:30 App\Jobs\SucessJob ......................... 3.34ms FAIL
  2024-09-18 07:13:30 App\Jobs\SucessJob ......................... 4.24ms FAIL
  2024-09-18 07:13:57 App\Jobs\SucessJob ............................. RUNNING
  2024-09-18 07:13:57 App\Jobs\SucessJob ............................. RUNNING
  2024-09-18 07:13:57 App\Jobs\SucessJob ......................... 4.20ms FAIL
  2024-09-18 07:13:57 App\Jobs\SucessJob ......................... 4.33ms FAIL
  2024-09-18 07:13:58 App\Jobs\SucessJob ............................. RUNNING
  2024-09-18 07:13:58 App\Jobs\SucessJob ......................... 5.60ms FAIL
  2024-09-18 07:13:58 App\Jobs\SucessJob ............................. RUNNING
  2024-09-18 07:13:58 App\Jobs\SucessJob ......................... 6.72ms FAIL
  2024-09-18 07:14:00 App\Jobs\SucessJob  2024-09-18 07:14:00 App\Jobs\SucessJob ............................. RUNNING
 ............................. RUNNING
  2024-09-18 07:14:00 App\Jobs\SucessJob ......................... 3.24ms FAIL
  2024-09-18 07:14:00 App\Jobs\SucessJob ......................... 3.34ms FAIL
  2024-09-18 07:16:08 App\Jobs\FailJob ............................... RUNNING
  2024-09-18 07:16:08 App\Jobs\FailJob ............................... RUNNING
  2024-09-18 07:16:08 App\Jobs\FailJob  2024-09-18 07:16:08 App\Jobs\FailJob ........................... 3.41ms FAIL
 ........................... 3.95ms FAIL
  2024-09-18 07:16:08 App\Jobs\FailJob ............................... RUNNING
  2024-09-18 07:16:08 App\Jobs\FailJob ............................... RUNNING
  2024-09-18 07:16:08 App\Jobs\FailJob  2024-09-18 07:16:08 App\Jobs\FailJob ........................... ........................... 5.81ms 2.90ms FAIL
 FAIL
  2024-09-18 07:16:08 App\Jobs\FailJob  2024-09-18 07:16:08 App\Jobs\FailJob ............................... RUNNING
 ............................... RUNNING
  2024-09-18 07:16:08 App\Jobs\FailJob ...........................  2024-09-18 07:16:08 App\Jobs\FailJob 4.13ms FAIL
 ........................... 6.60ms FAIL
  2024-09-18 07:16:08 App\Jobs\FailJob ............................... RUNNING
  2024-09-18 07:16:08 App\Jobs\FailJob ............................... RUNNING
  2024-09-18 07:16:08 App\Jobs\FailJob ........................... 4.82ms  2024-09-18 07:16:08 App\Jobs\FailJob FAIL
 ........................... 6.34ms FAIL
  2024-09-18 07:16:08 App\Jobs\FailJob ...............................  2024-09-18 07:16:08 App\Jobs\FailJob RUNNING
 ............................... RUNNING
  2024-09-18 07:16:08 App\Jobs\FailJob ........................... 4.09ms FAIL
  2024-09-18 07:16:08 App\Jobs\FailJob ........................... 3.66ms FAIL
  2024-09-18 07:16:08 App\Jobs\SucessJob  2024-09-18 07:16:08 App\Jobs\SucessJob ............................. RUNNING
 ............................. RUNNING
  2024-09-18 07:16:08 App\Jobs\SucessJob .........................  2024-09-18 07:16:08 App\Jobs\SucessJob ......................... 3.24ms 2.20ms FAIL
 FAIL
  2024-09-18 07:16:08 App\Jobs\SucessJob  2024-09-18 07:16:08 App\Jobs\SucessJob ............................. ............................. RUNNING
 RUNNING
  2024-09-18 07:16:08 App\Jobs\SucessJob  2024-09-18 07:16:08 App\Jobs\SucessJob ......................... ......................... 3.55ms 3.30ms FAIL
 FAIL
  2024-09-18 07:16:08 App\Jobs\SucessJob .............................  2024-09-18 07:16:08 App\Jobs\SucessJob RUNNING
 ............................. RUNNING
  2024-09-18 07:16:08 App\Jobs\SucessJob ......................... 5.40ms FAIL
  2024-09-18 07:16:08 App\Jobs\SucessJob ......................... 6.83ms FAIL
  2024-09-18 07:16:08 App\Jobs\SucessJob ............................. RUNNING
  2024-09-18 07:16:08 App\Jobs\SucessJob .............................  2024-09-18 07:16:08 App\Jobs\SucessJob ......................... RUNNING
 4.57ms FAIL
  2024-09-18 07:16:08 App\Jobs\SucessJob ......................... 5.22ms FAIL
  2024-09-18 07:16:08 App\Jobs\SucessJob ............................. RUNNING
  2024-09-18 07:16:08 App\Jobs\SucessJob ............................. RUNNING
  2024-09-18 07:16:08 App\Jobs\SucessJob ......................... 5.87ms FAIL
  2024-09-18 07:16:08 App\Jobs\SucessJob ......................... 4.92ms FAIL
  2024-09-18 07:16:08 App\Jobs\FailJob ............................... RUNNING
  2024-09-18 07:16:08 App\Jobs\FailJob ............................... RUNNING
  2024-09-18 07:16:08 App\Jobs\FailJob ........................... 4.15ms FAIL
  2024-09-18 07:16:08 App\Jobs\FailJob ........................... 5.34ms FAIL
  2024-09-18 07:16:08 App\Jobs\FailJob ............................... RUNNING
  2024-09-18 07:16:08 App\Jobs\FailJob ...............................  2024-09-18 07:16:08 App\Jobs\FailJob RUNNING
 ........................... 4.94ms FAIL
  2024-09-18 07:16:08 App\Jobs\FailJob ........................... 5.54ms FAIL
  2024-09-18 07:16:08 App\Jobs\FailJob ............................... RUNNING
  2024-09-18 07:16:08 App\Jobs\FailJob ...............................  2024-09-18 07:16:08 App\Jobs\FailJob ........................... RUNNING
 3.50ms FAIL
  2024-09-18 07:16:08 App\Jobs\FailJob ........................... 4.03ms FAIL
  2024-09-18 07:16:08 App\Jobs\FailJob ............................... RUNNING
  2024-09-18 07:16:08 App\Jobs\FailJob ............................... RUNNING
  2024-09-18 07:16:08 App\Jobs\FailJob ........................... 4.11ms FAIL
  2024-09-18 07:16:08 App\Jobs\FailJob ........................... 3.77ms FAIL
  2024-09-18 07:16:08 App\Jobs\FailJob ............................... RUNNING
  2024-09-18 07:16:08 App\Jobs\FailJob ............................... RUNNING
  2024-09-18 07:16:08 App\Jobs\FailJob ........................... 3.58ms FAIL
  2024-09-18 07:16:08 App\Jobs\FailJob ........................... 3.82ms FAIL
  2024-09-18 07:16:08 App\Jobs\SucessJob ............................. RUNNING
  2024-09-18 07:16:08 App\Jobs\SucessJob ............................. RUNNING
  2024-09-18 07:16:08 App\Jobs\SucessJob ......................... 1.82ms  2024-09-18 07:16:08 App\Jobs\SucessJob FAIL
 ......................... 6.17ms FAIL
  2024-09-18 07:16:08 App\Jobs\SucessJob .............................  2024-09-18 07:16:08 App\Jobs\SucessJob RUNNING
 ............................. RUNNING
  2024-09-18 07:16:08 App\Jobs\SucessJob ......................... 4.07ms FAIL
  2024-09-18 07:16:08 App\Jobs\SucessJob ......................... 4.26ms FAIL
  2024-09-18 07:16:08 App\Jobs\SucessJob  2024-09-18 07:16:08 App\Jobs\SucessJob ............................. RUNNING
 ............................. RUNNING
  2024-09-18 07:16:08 App\Jobs\SucessJob ......................... 3.12ms FAIL
  2024-09-18 07:16:08 App\Jobs\SucessJob ......................... 4.61ms FAIL
  2024-09-18 07:16:08 App\Jobs\SucessJob .............................  2024-09-18 07:16:08 App\Jobs\SucessJob RUNNING
 ............................. RUNNING
  2024-09-18 07:16:08 App\Jobs\SucessJob ......................... 4.19ms FAIL
  2024-09-18 07:16:08 App\Jobs\SucessJob ......................... 5.08ms FAIL
  2024-09-18 07:16:08 App\Jobs\SucessJob ............................. RUNNING
  2024-09-18 07:16:08 App\Jobs\SucessJob ............................. RUNNING
  2024-09-18 07:16:08 App\Jobs\SucessJob ......................... 3.48ms FAIL
  2024-09-18 07:16:08 App\Jobs\SucessJob ......................... 3.07ms FAIL
  2024-09-18 07:16:08 App\Jobs\FailJob ............................... RUNNING
  2024-09-18 07:16:08 App\Jobs\FailJob ............................... RUNNING
  2024-09-18 07:16:08 App\Jobs\FailJob ........................... 4.78ms  2024-09-18 07:16:08 App\Jobs\FailJob FAIL
 .......................... 12.27ms FAIL
  2024-09-18 07:16:10 App\Jobs\FailJob ............................... RUNNING
  2024-09-18 07:16:10 App\Jobs\FailJob  2024-09-18 07:16:10 App\Jobs\FailJob ............................... RUNNING
  2024-09-18 07:16:10 App\Jobs\FailJob ........................... 3.42ms FAIL
 ........................... 8.65ms FAIL
  2024-09-18 07:16:11 App\Jobs\FailJob ............................... RUNNING
  2024-09-18 07:16:11 App\Jobs\FailJob .......................... 15.62ms FAIL
  2024-09-18 07:16:12 App\Jobs\FailJob ............................... RUNNING
  2024-09-18 07:16:12 App\Jobs\FailJob ........................... 3.98ms FAIL
  2024-09-18 07:16:14 App\Jobs\FailJob ............................... RUNNING
  2024-09-18 07:16:14 App\Jobs\FailJob ............................... RUNNING
  2024-09-18 07:16:14 App\Jobs\FailJob ........................... 5.28ms FAIL
  2024-09-18 07:16:14 App\Jobs\FailJob ........................... 5.25ms FAIL
  2024-09-18 07:16:15 App\Jobs\FailJob ............................... RUNNING
  2024-09-18 07:16:15 App\Jobs\FailJob ........................... 8.46ms FAIL
  2024-09-18 07:16:15 App\Jobs\FailJob ............................... RUNNING
  2024-09-18 07:16:15 App\Jobs\FailJob ........................... 4.77ms FAIL
  2024-09-18 07:16:18 App\Jobs\SucessJob ............................. RUNNING
  2024-09-18 07:16:18 App\Jobs\SucessJob ......................... 3.65ms FAIL
  2024-09-18 07:16:18 App\Jobs\SucessJob ............................. RUNNING
  2024-09-18 07:16:18 App\Jobs\SucessJob ......................... 9.20ms FAIL
  2024-09-18 07:16:19 App\Jobs\SucessJob ............................. RUNNING
  2024-09-18 07:16:19 App\Jobs\SucessJob ......................... 9.31ms FAIL
  2024-09-18 07:16:21 App\Jobs\SucessJob ............................. RUNNING
  2024-09-18 07:16:21 App\Jobs\SucessJob ......................... 6.43ms FAIL
  2024-09-18 07:16:21 App\Jobs\SucessJob ............................. RUNNING
  2024-09-18 07:16:21 App\Jobs\SucessJob ........................ 11.97ms FAIL
  2024-09-18 07:16:24 App\Jobs\SucessJob ............................. RUNNING
  2024-09-18 07:16:24 App\Jobs\SucessJob ......................... 3.32ms FAIL
  2024-09-18 07:16:25 App\Jobs\SucessJob ............................. RUNNING
  2024-09-18 07:16:25 App\Jobs\SucessJob ......................... 7.56ms FAIL
  2024-09-18 07:16:27 App\Jobs\SucessJob ............................. RUNNING
  2024-09-18 07:16:27 App\Jobs\SucessJob ......................... 3.60ms FAIL
  2024-09-18 07:16:30 App\Jobs\SucessJob ............................. RUNNING
  2024-09-18 07:16:30 App\Jobs\SucessJob ......................... 4.64ms FAIL
  2024-09-18 07:16:32 App\Jobs\SucessJob ............................. RUNNING
  2024-09-18 07:16:32 App\Jobs\SucessJob ......................... 3.28ms FAIL
  2024-09-18 07:19:22 App\Jobs\FailJob ............................... RUNNING
  2024-09-18 07:19:22 App\Jobs\FailJob ........................... 4.29ms FAIL
  2024-09-18 07:19:22 App\Jobs\FailJob ............................... RUNNING
  2024-09-18 07:19:22 App\Jobs\FailJob ........................... 5.66ms FAIL
  2024-09-18 07:19:22 App\Jobs\FailJob ............................... RUNNING
  2024-09-18 07:19:22 App\Jobs\FailJob ........................... 2.70ms FAIL
  2024-09-18 07:19:22 App\Jobs\FailJob ............................... RUNNING
  2024-09-18 07:19:22 App\Jobs\FailJob ........................... 2.96ms FAIL
  2024-09-18 07:19:22 App\Jobs\FailJob ............................... RUNNING
  2024-09-18 07:19:22 App\Jobs\FailJob ........................... 2.58ms FAIL
  2024-09-18 07:19:22 App\Jobs\FailJob ............................... RUNNING
  2024-09-18 07:19:22 App\Jobs\FailJob ........................... 2.38ms FAIL
  2024-09-18 07:19:22 App\Jobs\FailJob ............................... RUNNING
  2024-09-18 07:19:22 App\Jobs\FailJob ........................... 1.60ms FAIL
  2024-09-18 07:19:22 App\Jobs\FailJob ............................... RUNNING
  2024-09-18 07:19:22 App\Jobs\FailJob ........................... 2.25ms FAIL
  2024-09-18 07:19:22 App\Jobs\FailJob ............................... RUNNING
  2024-09-18 07:19:22 App\Jobs\FailJob ........................... 3.28ms FAIL
  2024-09-18 07:19:22 App\Jobs\FailJob ............................... RUNNING
  2024-09-18 07:19:22 App\Jobs\FailJob ........................... 2.06ms FAIL
  2024-09-18 07:19:22 App\Jobs\SucessJob ............................. RUNNING
  2024-09-18 07:19:22 App\Jobs\SucessJob ......................... 4.31ms DONE
  2024-09-18 07:19:22 App\Jobs\SucessJob ............................. RUNNING
  2024-09-18 07:19:22 App\Jobs\SucessJob ......................... 1.31ms DONE
  2024-09-18 07:19:22 App\Jobs\SucessJob ............................. RUNNING
  2024-09-18 07:19:22 App\Jobs\SucessJob ......................... 1.45ms DONE
  2024-09-18 07:19:22 App\Jobs\SucessJob ............................. RUNNING
  2024-09-18 07:19:22 App\Jobs\SucessJob ......................... 1.39ms DONE
  2024-09-18 07:19:22 App\Jobs\SucessJob ............................. RUNNING
  2024-09-18 07:19:22 App\Jobs\SucessJob ......................... 4.60ms DONE
  2024-09-18 07:19:22 App\Jobs\SucessJob ............................. RUNNING
  2024-09-18 07:19:22 App\Jobs\SucessJob ......................... 1.12ms DONE
  2024-09-18 07:19:22 App\Jobs\SucessJob ............................. RUNNING
  2024-09-18 07:19:22 App\Jobs\SucessJob ......................... 1.20ms DONE
  2024-09-18 07:19:22 App\Jobs\SucessJob ............................. RUNNING
  2024-09-18 07:19:22 App\Jobs\SucessJob ......................... 1.57ms DONE
  2024-09-18 07:19:22 App\Jobs\SucessJob ............................. RUNNING
  2024-09-18 07:19:22 App\Jobs\SucessJob ......................... 1.40ms DONE
  2024-09-18 07:19:22 App\Jobs\SucessJob ............................. RUNNING
  2024-09-18 07:19:22 App\Jobs\SucessJob ......................... 1.11ms DONE
  2024-09-18 07:19:22 App\Jobs\FailJob ............................... RUNNING
  2024-09-18 07:19:22 App\Jobs\FailJob ........................... 4.57ms FAIL
  2024-09-18 07:19:22 App\Jobs\FailJob ............................... RUNNING
  2024-09-18 07:19:22 App\Jobs\FailJob ........................... 2.44ms FAIL
  2024-09-18 07:19:22 App\Jobs\FailJob ............................... RUNNING
  2024-09-18 07:19:22 App\Jobs\FailJob ........................... 2.16ms FAIL
  2024-09-18 07:19:22 App\Jobs\FailJob ............................... RUNNING
  2024-09-18 07:19:22 App\Jobs\FailJob ........................... 2.55ms FAIL
  2024-09-18 07:19:22 App\Jobs\FailJob ............................... RUNNING
  2024-09-18 07:19:22 App\Jobs\FailJob ........................... 2.25ms FAIL
  2024-09-18 07:19:22 App\Jobs\FailJob ............................... RUNNING
  2024-09-18 07:19:22 App\Jobs\FailJob ........................... 3.86ms FAIL
  2024-09-18 07:19:22 App\Jobs\FailJob ............................... RUNNING
  2024-09-18 07:19:22 App\Jobs\FailJob ........................... 2.21ms FAIL
  2024-09-18 07:19:22 App\Jobs\FailJob ............................... RUNNING
  2024-09-18 07:19:22 App\Jobs\FailJob ........................... 2.02ms FAIL
  2024-09-18 07:19:22 App\Jobs\FailJob ............................... RUNNING
  2024-09-18 07:19:22 App\Jobs\FailJob ........................... 1.97ms FAIL
  2024-09-18 07:19:22 App\Jobs\FailJob ............................... RUNNING
  2024-09-18 07:19:22 App\Jobs\FailJob ........................... 2.82ms FAIL
  2024-09-18 07:19:22 App\Jobs\FailJob ............................... RUNNING
  2024-09-18 07:19:22 App\Jobs\FailJob ........................... 3.11ms FAIL
  2024-09-18 07:19:24 App\Jobs\FailJob ............................... RUNNING
  2024-09-18 07:19:24 App\Jobs\FailJob ........................... 4.83ms FAIL
  2024-09-18 07:19:26 App\Jobs\FailJob ............................... RUNNING
  2024-09-18 07:19:26 App\Jobs\FailJob ........................... 3.26ms FAIL
  2024-09-18 07:19:28 App\Jobs\FailJob ............................... RUNNING
  2024-09-18 07:19:28 App\Jobs\FailJob ........................... 3.34ms FAIL
  2024-09-18 07:19:31 App\Jobs\FailJob ............................... RUNNING
  2024-09-18 07:19:31 App\Jobs\FailJob ........................... 3.45ms FAIL
  2024-09-18 07:44:01 App\Jobs\FailJob ............................... RUNNING
  2024-09-18 07:44:01 App\Jobs\FailJob  2024-09-18 07:44:01 App\Jobs\FailJob ........................... 3.41ms FAIL
 ............................... RUNNING
  2024-09-18 07:44:01 App\Jobs\FailJob ........................... 4.06ms FAIL
  2024-09-18 07:44:02 App\Jobs\FailJob ............................... RUNNING
  2024-09-18 07:44:02 App\Jobs\FailJob ...............................  2024-09-18 07:44:02 App\Jobs\FailJob ........................... 5.11ms FAIL
 RUNNING
  2024-09-18 07:44:02 App\Jobs\FailJob ........................... 6.38ms FAIL
  2024-09-18 07:44:03 App\Jobs\FailJob ............................... RUNNING
  2024-09-18 07:44:03 App\Jobs\FailJob ........................... 3.08ms FAIL
  2024-09-18 07:44:25 App\Jobs\SucessJob .............................  2024-09-18 07:44:25 App\Jobs\SucessJob ............................. RUNNING
 RUNNING
  2024-09-18 07:44:25 App\Jobs\SucessJob ........................ 13.47ms  2024-09-18 07:44:25 App\Jobs\SucessJob DONE
 ........................ 17.68ms DONE
  2024-09-18 07:44:25 App\Jobs\SucessJob .............................  2024-09-18 07:44:25 App\Jobs\SucessJob ............................. RUNNING
 RUNNING
  2024-09-18 07:44:25 App\Jobs\SucessJob  2024-09-18 07:44:25 App\Jobs\SucessJob ......................... ......................... 3.37ms DONE
 2.71ms DONE
  2024-09-18 07:44:25 App\Jobs\SucessJob .............................  2024-09-18 07:44:25 App\Jobs\SucessJob RUNNING
 ............................. RUNNING
  2024-09-18 07:44:25 App\Jobs\SucessJob  2024-09-18 07:44:25 App\Jobs\SucessJob ......................... 2.92ms DONE
 ......................... 2.88ms DONE
  2024-09-18 07:44:25 App\Jobs\SucessJob ............................. RUNNING
  2024-09-18 07:44:25 App\Jobs\SucessJob  2024-09-18 07:44:25 App\Jobs\SucessJob ......................... 2.95ms DONE
  2024-09-18 07:44:25 App\Jobs\SucessJob ............................. RUNNING
 ............................. RUNNING
  2024-09-18 07:44:25 App\Jobs\SucessJob  2024-09-18 07:44:25 App\Jobs\SucessJob ......................... ......................... 2.10ms 4.23ms DONE
 DONE
  2024-09-18 07:44:25 App\Jobs\SucessJob ............................. RUNNING
  2024-09-18 07:44:25 App\Jobs\FailJob  2024-09-18 07:44:25 App\Jobs\SucessJob ............................... ......................... RUNNING
 2.97ms DONE
  2024-09-18 07:44:25 App\Jobs\FailJob ............................... RUNNING
  2024-09-18 07:44:25 App\Jobs\FailJob ........................... 4.85ms FAIL
  2024-09-18 07:44:25 App\Jobs\FailJob .......................... 16.22ms FAIL
  2024-09-18 07:44:25 App\Jobs\FailJob ............................... RUNNING
  2024-09-18 07:44:25 App\Jobs\FailJob ........................... 2.66ms FAIL
  2024-09-18 07:44:25 App\Jobs\FailJob ............................... RUNNING
  2024-09-18 07:44:25 App\Jobs\FailJob ........................... 4.58ms FAIL
  2024-09-18 07:44:25 App\Jobs\FailJob ...............................  2024-09-18 07:44:25 App\Jobs\FailJob ............................... RUNNING
 RUNNING
  2024-09-18 07:44:25 App\Jobs\FailJob ........................... 4.24ms FAIL
  2024-09-18 07:44:25 App\Jobs\FailJob .......................... 18.04ms FAIL
  2024-09-18 07:44:25 App\Jobs\FailJob ............................... RUNNING
  2024-09-18 07:44:25 App\Jobs\FailJob  2024-09-18 07:44:25 App\Jobs\FailJob ............................... ........................... 4.92ms RUNNING
 FAIL
  2024-09-18 07:44:25 App\Jobs\FailJob  2024-09-18 07:44:25 App\Jobs\FailJob ............................... ........................... 9.82ms FAIL
 RUNNING
  2024-09-18 07:44:25 App\Jobs\FailJob  2024-09-18 07:44:25 App\Jobs\FailJob ........................... ............................... 3.37ms RUNNING
 FAIL
  2024-09-18 07:44:25 App\Jobs\FailJob ........................... 8.83ms  2024-09-18 07:44:25 App\Jobs\FailJob FAIL
 ............................... RUNNING
  2024-09-18 07:44:25 App\Jobs\FailJob ...............................  2024-09-18 07:44:25 App\Jobs\FailJob ........................... RUNNING
 4.64ms FAIL
  2024-09-18 07:44:25 App\Jobs\FailJob  2024-09-18 07:44:25 App\Jobs\FailJob ........................... ............................... RUNNING
 8.76ms FAIL
  2024-09-18 07:44:25 App\Jobs\FailJob ........................... 5.07ms FAIL
  2024-09-18 07:44:25 App\Jobs\FailJob ............................... RUNNING
  2024-09-18 07:44:25 App\Jobs\FailJob ............................... RUNNING
  2024-09-18 07:44:25 App\Jobs\FailJob ........................... 4.86ms FAIL
  2024-09-18 07:44:25 App\Jobs\FailJob ........................... 5.12ms FAIL
  2024-09-18 07:44:25 App\Jobs\FailJob ............................... RUNNING
  2024-09-18 07:44:25 App\Jobs\FailJob ............................... RUNNING
  2024-09-18 07:44:25 App\Jobs\FailJob ........................... 4.71ms FAIL
  2024-09-18 07:44:25 App\Jobs\FailJob ...........................  2024-09-18 07:44:25 App\Jobs\FailJob 6.39ms FAIL
 ............................... RUNNING
  2024-09-18 07:44:25 App\Jobs\FailJob  2024-09-18 07:44:25 App\Jobs\FailJob ............................... ........................... 5.01ms FAIL
 RUNNING
  2024-09-18 07:44:25 App\Jobs\FailJob ............................... RUNNING
  2024-09-18 07:44:25 App\Jobs\FailJob ........................... 8.12ms FAIL
  2024-09-18 07:44:25 App\Jobs\FailJob ........................... 4.94ms FAIL
  2024-09-18 07:44:25 App\Jobs\FailJob  2024-09-18 07:44:25 App\Jobs\FailJob ............................... RUNNING
 ............................... RUNNING
  2024-09-18 07:44:25 App\Jobs\FailJob ........................... 5.66ms FAIL
  2024-09-18 07:44:25 App\Jobs\FailJob ........................... 6.42ms FAIL
  2024-09-18 07:44:26 App\Jobs\FailJob ............................... RUNNING
  2024-09-18 07:44:26 App\Jobs\FailJob .......................... 17.17ms FAIL
  2024-09-18 07:44:26 App\Jobs\FailJob ............................... RUNNING
  2024-09-18 07:44:26 App\Jobs\FailJob ........................... 3.95ms FAIL
  2024-09-18 07:44:27 App\Jobs\FailJob ............................... RUNNING
  2024-09-18 07:44:27 App\Jobs\FailJob ........................... 7.65ms FAIL
  2024-09-18 07:44:27 App\Jobs\FailJob ............................... RUNNING
  2024-09-18 07:44:27 App\Jobs\FailJob ........................... 6.00ms FAIL
  2024-09-18 07:44:30 App\Jobs\FailJob ............................... RUNNING
  2024-09-18 07:44:30 App\Jobs\FailJob .......................... 13.70ms FAIL
  2024-09-18 07:44:30 App\Jobs\FailJob ............................... RUNNING
  2024-09-18 07:44:30 App\Jobs\FailJob ........................... 6.83ms FAIL
  2024-09-18 07:44:32 App\Jobs\FailJob ............................... RUNNING
  2024-09-18 07:44:32 App\Jobs\FailJob ........................... 3.92ms FAIL
  2024-09-18 07:44:33 App\Jobs\FailJob ............................... RUNNING
  2024-09-18 07:44:33 App\Jobs\FailJob ........................... 3.04ms FAIL
  2024-09-18 07:45:21 App\Jobs\SucessJob ............................. RUNNING
  2024-09-18 07:45:21 App\Jobs\SucessJob ......................... 5.89ms DONE
  2024-09-18 07:45:21 App\Jobs\SucessJob ............................. RUNNING
  2024-09-18 07:45:21 App\Jobs\SucessJob ......................... 1.54ms DONE
  2024-09-18 07:45:21 App\Jobs\SucessJob ............................. RUNNING
  2024-09-18 07:45:21 App\Jobs\SucessJob ......................... 1.79ms DONE
  2024-09-18 07:45:21 App\Jobs\SucessJob ............................. RUNNING
  2024-09-18 07:45:21 App\Jobs\SucessJob ......................... 1.10ms DONE
  2024-09-18 07:45:21 App\Jobs\SucessJob ............................. RUNNING
  2024-09-18 07:45:21 App\Jobs\SucessJob ......................... 1.27ms DONE
  2024-09-18 07:45:21 App\Jobs\SucessJob ............................. RUNNING
  2024-09-18 07:45:21 App\Jobs\SucessJob ......................... 1.33ms DONE
  2024-09-18 07:45:21 App\Jobs\SucessJob ............................. RUNNING
  2024-09-18 07:45:21 App\Jobs\SucessJob ......................... 1.44ms DONE
  2024-09-18 07:45:21 App\Jobs\SucessJob ............................. RUNNING
  2024-09-18 07:45:21 App\Jobs\SucessJob ......................... 1.44ms DONE
  2024-09-18 07:45:21 App\Jobs\SucessJob ............................. RUNNING
  2024-09-18 07:45:21 App\Jobs\SucessJob ......................... 1.13ms DONE
  2024-09-18 07:45:21 App\Jobs\SucessJob ............................. RUNNING
  2024-09-18 07:45:21 App\Jobs\SucessJob ......................... 1.88ms DONE
  2024-09-18 07:45:21 App\Jobs\FailJob ............................... RUNNING
  2024-09-18 07:45:21 App\Jobs\FailJob ........................... 2.13ms FAIL
  2024-09-18 07:45:21 App\Jobs\FailJob ............................... RUNNING
  2024-09-18 07:45:21 App\Jobs\FailJob ........................... 2.23ms FAIL
  2024-09-18 07:45:21 App\Jobs\FailJob ............................... RUNNING
  2024-09-18 07:45:21 App\Jobs\FailJob ........................... 2.36ms FAIL
  2024-09-18 07:45:21 App\Jobs\FailJob ............................... RUNNING
  2024-09-18 07:45:21 App\Jobs\FailJob ........................... 2.09ms FAIL
  2024-09-18 07:45:21 App\Jobs\FailJob ............................... RUNNING
  2024-09-18 07:45:21 App\Jobs\FailJob ........................... 2.03ms FAIL
  2024-09-18 07:45:21 App\Jobs\FailJob ............................... RUNNING
  2024-09-18 07:45:21 App\Jobs\FailJob ........................... 2.26ms FAIL
  2024-09-18 07:45:21 App\Jobs\FailJob ............................... RUNNING
  2024-09-18 07:45:21 App\Jobs\FailJob ........................... 1.77ms FAIL
  2024-09-18 07:45:21 App\Jobs\FailJob ............................... RUNNING
  2024-09-18 07:45:21 App\Jobs\FailJob ........................... 1.76ms FAIL
  2024-09-18 07:45:21 App\Jobs\FailJob ............................... RUNNING
  2024-09-18 07:45:21 App\Jobs\FailJob ........................... 1.79ms FAIL
  2024-09-18 07:45:21 App\Jobs\FailJob ............................... RUNNING
  2024-09-18 07:45:21 App\Jobs\FailJob ........................... 2.55ms FAIL
  2024-09-18 07:45:21 App\Jobs\FailJob ............................... RUNNING
  2024-09-18 07:45:21 App\Jobs\FailJob ........................... 2.04ms FAIL
  2024-09-18 07:45:21 App\Jobs\FailJob ............................... RUNNING
  2024-09-18 07:45:21 App\Jobs\FailJob ........................... 2.13ms FAIL
  2024-09-18 07:45:21 App\Jobs\FailJob ............................... RUNNING
  2024-09-18 07:45:21 App\Jobs\FailJob ........................... 2.29ms FAIL
  2024-09-18 07:45:21 App\Jobs\FailJob ............................... RUNNING
  2024-09-18 07:45:21 App\Jobs\FailJob ........................... 2.15ms FAIL
  2024-09-18 07:45:21 App\Jobs\FailJob ............................... RUNNING
  2024-09-18 07:45:21 App\Jobs\FailJob ........................... 1.59ms FAIL
  2024-09-18 07:45:21 App\Jobs\FailJob ............................... RUNNING
  2024-09-18 07:45:21 App\Jobs\FailJob ........................... 2.14ms FAIL
  2024-09-18 07:45:21 App\Jobs\FailJob ............................... RUNNING
  2024-09-18 07:45:21 App\Jobs\FailJob ........................... 2.17ms FAIL
  2024-09-18 07:45:21 App\Jobs\FailJob ............................... RUNNING
  2024-09-18 07:45:21 App\Jobs\FailJob ........................... 2.11ms FAIL
  2024-09-18 07:45:21 App\Jobs\FailJob ............................... RUNNING
  2024-09-18 07:45:21 App\Jobs\FailJob ........................... 2.25ms FAIL
  2024-09-18 07:45:21 App\Jobs\FailJob ............................... RUNNING
  2024-09-18 07:45:21 App\Jobs\FailJob ........................... 1.63ms FAIL
  2024-09-18 07:45:21 App\Jobs\FailJob ............................... RUNNING
  2024-09-18 07:45:21 App\Jobs\FailJob ........................... 2.08ms FAIL
  2024-09-18 07:45:23 App\Jobs\FailJob ............................... RUNNING
  2024-09-18 07:45:23 App\Jobs\FailJob ........................... 7.05ms FAIL
  2024-09-18 07:45:23 App\Jobs\FailJob ............................... RUNNING
  2024-09-18 07:45:23 App\Jobs\FailJob .......................... 28.30ms FAIL
  2024-09-18 07:45:24 App\Jobs\FailJob ............................... RUNNING
  2024-09-18 07:45:24 App\Jobs\FailJob ........................... 5.03ms FAIL
  2024-09-18 07:45:25 App\Jobs\FailJob ............................... RUNNING
  2024-09-18 07:45:25 App\Jobs\FailJob ........................... 3.29ms FAIL
  2024-09-18 07:45:26 App\Jobs\FailJob ............................... RUNNING
  2024-09-18 07:45:26 App\Jobs\FailJob ........................... 4.62ms FAIL
  2024-09-18 07:45:27 App\Jobs\FailJob ............................... RUNNING
  2024-09-18 07:45:27 App\Jobs\FailJob ........................... 5.37ms FAIL
  2024-09-18 07:45:27 App\Jobs\FailJob ............................... RUNNING
  2024-09-18 07:45:27 App\Jobs\FailJob ........................... 5.42ms FAIL
  2024-09-18 07:45:29 App\Jobs\FailJob ............................... RUNNING
  2024-09-18 07:45:29 App\Jobs\FailJob ........................... 5.02ms FAIL
  2024-09-18 07:45:31 App\Jobs\FailJob ............................... RUNNING
  2024-09-18 07:45:31 App\Jobs\FailJob ........................... 5.57ms FAIL
  2024-09-18 07:46:15 App\Jobs\SucessJob ............................. RUNNING
  2024-09-18 07:46:15 App\Jobs\SucessJob ......................... 9.27ms DONE
  2024-09-18 07:46:15 App\Jobs\SucessJob ............................. RUNNING
  2024-09-18 07:46:15 App\Jobs\SucessJob ......................... 1.63ms DONE
  2024-09-18 07:46:15 App\Jobs\SucessJob ............................. RUNNING
  2024-09-18 07:46:15 App\Jobs\SucessJob ......................... 1.06ms DONE
  2024-09-18 07:46:15 App\Jobs\SucessJob ............................. RUNNING
  2024-09-18 07:46:15 App\Jobs\SucessJob ......................... 2.47ms DONE
  2024-09-18 07:46:15 App\Jobs\SucessJob ............................. RUNNING
  2024-09-18 07:46:15 App\Jobs\SucessJob ......................... 2.96ms DONE
  2024-09-18 07:46:15 App\Jobs\SucessJob ............................. RUNNING
  2024-09-18 07:46:15 App\Jobs\SucessJob ......................... 1.56ms DONE
  2024-09-18 07:46:15 App\Jobs\SucessJob ............................. RUNNING
  2024-09-18 07:46:15 App\Jobs\SucessJob ......................... 1.50ms DONE
  2024-09-18 07:46:15 App\Jobs\SucessJob ............................. RUNNING
  2024-09-18 07:46:15 App\Jobs\SucessJob ......................... 1.22ms DONE
  2024-09-18 07:46:15 App\Jobs\SucessJob ............................. RUNNING
  2024-09-18 07:46:15 App\Jobs\SucessJob ......................... 2.43ms DONE
  2024-09-18 07:46:15 App\Jobs\SucessJob ............................. RUNNING
  2024-09-18 07:46:15 App\Jobs\SucessJob ......................... 2.28ms DONE
  2024-09-18 07:46:15 App\Jobs\FailJob ............................... RUNNING
  2024-09-18 07:46:15 App\Jobs\FailJob ........................... 4.03ms FAIL
  2024-09-18 07:46:15 App\Jobs\FailJob ............................... RUNNING
  2024-09-18 07:46:15 App\Jobs\FailJob ........................... 4.68ms FAIL
  2024-09-18 07:46:15 App\Jobs\FailJob ............................... RUNNING
  2024-09-18 07:46:15 App\Jobs\FailJob ........................... 3.17ms FAIL
  2024-09-18 07:46:15 App\Jobs\FailJob ............................... RUNNING
  2024-09-18 07:46:15 App\Jobs\FailJob ........................... 1.54ms FAIL
  2024-09-18 07:46:15 App\Jobs\FailJob ............................... RUNNING
  2024-09-18 07:46:15 App\Jobs\FailJob ........................... 3.24ms FAIL
  2024-09-18 07:46:15 App\Jobs\FailJob ............................... RUNNING
  2024-09-18 07:46:15 App\Jobs\FailJob ........................... 2.16ms FAIL
  2024-09-18 07:46:15 App\Jobs\FailJob ............................... RUNNING
  2024-09-18 07:46:15 App\Jobs\FailJob ........................... 4.59ms FAIL
  2024-09-18 07:46:15 App\Jobs\FailJob ............................... RUNNING
  2024-09-18 07:46:15 App\Jobs\FailJob ........................... 5.17ms FAIL
  2024-09-18 07:46:15 App\Jobs\FailJob ............................... RUNNING
  2024-09-18 07:46:15 App\Jobs\FailJob ........................... 5.43ms FAIL
  2024-09-18 07:46:15 App\Jobs\FailJob ............................... RUNNING
  2024-09-18 07:46:15 App\Jobs\FailJob ........................... 7.73ms FAIL
  2024-09-18 07:46:15 App\Jobs\FailJob ............................... RUNNING
  2024-09-18 07:46:15 App\Jobs\FailJob ........................... 7.28ms FAIL
  2024-09-18 07:46:15 App\Jobs\FailJob ............................... RUNNING
  2024-09-18 07:46:15 App\Jobs\FailJob ........................... 7.02ms FAIL
  2024-09-18 07:46:15 App\Jobs\FailJob ............................... RUNNING
  2024-09-18 07:46:15 App\Jobs\FailJob ........................... 7.49ms FAIL
  2024-09-18 07:46:15 App\Jobs\FailJob ............................... RUNNING
  2024-09-18 07:46:15 App\Jobs\FailJob ........................... 5.20ms FAIL
  2024-09-18 07:46:15 App\Jobs\FailJob ............................... RUNNING
  2024-09-18 07:46:15 App\Jobs\FailJob ........................... 2.48ms FAIL
  2024-09-18 07:46:15 App\Jobs\FailJob ............................... RUNNING
  2024-09-18 07:46:15 App\Jobs\FailJob ........................... 5.01ms FAIL
  2024-09-18 07:46:15 App\Jobs\FailJob ............................... RUNNING
  2024-09-18 07:46:15 App\Jobs\FailJob ........................... 4.26ms FAIL
  2024-09-18 07:46:15 App\Jobs\FailJob ............................... RUNNING
  2024-09-18 07:46:15 App\Jobs\FailJob ........................... 2.53ms FAIL
  2024-09-18 07:46:15 App\Jobs\FailJob ............................... RUNNING
  2024-09-18 07:46:15 App\Jobs\FailJob ........................... 1.79ms FAIL
  2024-09-18 07:46:15 App\Jobs\FailJob ............................... RUNNING
  2024-09-18 07:46:15 App\Jobs\FailJob ........................... 4.15ms FAIL
  2024-09-18 07:46:15 App\Jobs\FailJob ............................... RUNNING
  2024-09-18 07:46:15 App\Jobs\FailJob ........................... 1.72ms FAIL
  2024-09-18 07:46:16 App\Jobs\FailJob ............................... RUNNING
  2024-09-18 07:46:16 App\Jobs\FailJob .......................... 21.02ms FAIL
  2024-09-18 07:46:16 App\Jobs\FailJob ............................... RUNNING
  2024-09-18 07:46:16 App\Jobs\FailJob ........................... 5.27ms FAIL
  2024-09-18 07:46:16 App\Jobs\FailJob ............................... RUNNING
  2024-09-18 07:46:16 App\Jobs\FailJob ........................... 4.85ms FAIL
  2024-09-18 07:46:18 App\Jobs\FailJob ............................... RUNNING
  2024-09-18 07:46:18 App\Jobs\FailJob ........................... 4.17ms FAIL
  2024-09-18 07:46:18 App\Jobs\FailJob ............................... RUNNING
  2024-09-18 07:46:18 App\Jobs\FailJob ........................... 4.61ms FAIL
  2024-09-18 07:46:19 App\Jobs\FailJob ............................... RUNNING
  2024-09-18 07:46:19 App\Jobs\FailJob ........................... 3.38ms FAIL
  2024-09-18 07:46:20 App\Jobs\FailJob ............................... RUNNING
  2024-09-18 07:46:20 App\Jobs\FailJob ........................... 4.03ms FAIL
  2024-09-18 07:46:21 App\Jobs\FailJob ............................... RUNNING
  2024-09-18 07:46:21 App\Jobs\FailJob ........................... 3.07ms FAIL
  2024-09-18 07:46:24 App\Jobs\FailJob ............................... RUNNING
  2024-09-18 07:46:24 App\Jobs\FailJob ........................... 3.42ms FAIL
  2024-09-18 07:51:55 App\Jobs\SucessJob ............................. RUNNING
  2024-09-18 07:51:55 App\Jobs\SucessJob ........................ 28.39ms DONE
  2024-09-18 07:51:55 App\Jobs\SucessJob ............................. RUNNING
  2024-09-18 07:51:55 App\Jobs\SucessJob ......................... 1.43ms DONE
  2024-09-18 07:51:55 App\Jobs\SucessJob ............................. RUNNING
  2024-09-18 07:51:55 App\Jobs\SucessJob ......................... 1.02ms DONE
  2024-09-18 07:51:55 App\Jobs\SucessJob ............................. RUNNING
  2024-09-18 07:51:55 App\Jobs\SucessJob ......................... 1.28ms DONE
  2024-09-18 07:51:55 App\Jobs\SucessJob ............................. RUNNING
  2024-09-18 07:51:55 App\Jobs\SucessJob ......................... 1.75ms DONE
  2024-09-18 07:51:55 App\Jobs\SucessJob ............................. RUNNING
  2024-09-18 07:51:55 App\Jobs\SucessJob ......................... 1.85ms DONE
  2024-09-18 07:51:55 App\Jobs\SucessJob ............................. RUNNING
  2024-09-18 07:51:55 App\Jobs\SucessJob ......................... 1.12ms DONE
  2024-09-18 07:51:55 App\Jobs\SucessJob ............................. RUNNING
  2024-09-18 07:51:55 App\Jobs\SucessJob ......................... 1.34ms DONE
  2024-09-18 07:51:55 App\Jobs\SucessJob ............................. RUNNING
  2024-09-18 07:51:55 App\Jobs\SucessJob ......................... 1.20ms DONE
  2024-09-18 07:51:55 App\Jobs\SucessJob ............................. RUNNING
  2024-09-18 07:51:55 App\Jobs\SucessJob ......................... 1.53ms DONE
  2024-09-18 07:51:55 App\Jobs\FailJob ............................... RUNNING
  2024-09-18 07:51:55 App\Jobs\FailJob ........................... 4.02ms FAIL
  2024-09-18 07:51:55 App\Jobs\FailJob ............................... RUNNING
  2024-09-18 07:51:55 App\Jobs\FailJob ........................... 1.99ms FAIL
  2024-09-18 07:51:55 App\Jobs\FailJob ............................... RUNNING
  2024-09-18 07:51:55 App\Jobs\FailJob ........................... 2.11ms FAIL
  2024-09-18 07:51:55 App\Jobs\FailJob ............................... RUNNING
  2024-09-18 07:51:55 App\Jobs\FailJob ........................... 1.76ms FAIL
  2024-09-18 07:51:55 App\Jobs\FailJob ............................... RUNNING
  2024-09-18 07:51:55 App\Jobs\FailJob ........................... 1.74ms FAIL
  2024-09-18 07:51:55 App\Jobs\FailJob ............................... RUNNING
  2024-09-18 07:51:55 App\Jobs\FailJob ........................... 3.04ms FAIL
  2024-09-18 07:51:55 App\Jobs\FailJob ............................... RUNNING
  2024-09-18 07:51:55 App\Jobs\FailJob ........................... 1.74ms FAIL
  2024-09-18 07:51:55 App\Jobs\FailJob ............................... RUNNING
  2024-09-18 07:51:55 App\Jobs\FailJob ........................... 1.86ms FAIL
  2024-09-18 07:51:55 App\Jobs\FailJob ............................... RUNNING
  2024-09-18 07:51:55 App\Jobs\FailJob ........................... 3.37ms FAIL
  2024-09-18 07:51:55 App\Jobs\FailJob ............................... RUNNING
  2024-09-18 07:51:55 App\Jobs\FailJob ........................... 1.70ms FAIL
  2024-09-18 07:51:55 App\Jobs\FailJob ............................... RUNNING
  2024-09-18 07:51:55 App\Jobs\FailJob ........................... 1.87ms FAIL
  2024-09-18 07:51:55 App\Jobs\FailJob ............................... RUNNING
  2024-09-18 07:51:55 App\Jobs\FailJob ........................... 2.66ms FAIL
  2024-09-18 07:51:55 App\Jobs\FailJob ............................... RUNNING
  2024-09-18 07:51:55 App\Jobs\FailJob ........................... 2.57ms FAIL
  2024-09-18 07:51:55 App\Jobs\FailJob ............................... RUNNING
  2024-09-18 07:51:55 App\Jobs\FailJob ........................... 2.26ms FAIL
  2024-09-18 07:51:55 App\Jobs\FailJob ............................... RUNNING
  2024-09-18 07:51:55 App\Jobs\FailJob ........................... 2.45ms FAIL
  2024-09-18 07:51:55 App\Jobs\FailJob ............................... RUNNING
  2024-09-18 07:51:55 App\Jobs\FailJob ........................... 2.33ms FAIL
  2024-09-18 07:51:55 App\Jobs\FailJob ............................... RUNNING
  2024-09-18 07:51:55 App\Jobs\FailJob ........................... 1.47ms FAIL
  2024-09-18 07:51:55 App\Jobs\FailJob ............................... RUNNING
  2024-09-18 07:51:55 App\Jobs\FailJob ........................... 1.65ms FAIL
  2024-09-18 07:51:55 App\Jobs\FailJob ............................... RUNNING
  2024-09-18 07:51:55 App\Jobs\FailJob ........................... 1.79ms FAIL
  2024-09-18 07:51:55 App\Jobs\FailJob ............................... RUNNING
  2024-09-18 07:51:55 App\Jobs\FailJob ........................... 1.70ms FAIL
  2024-09-18 07:51:55 App\Jobs\FailJob ............................... RUNNING
  2024-09-18 07:51:55 App\Jobs\FailJob ........................... 3.14ms FAIL
  2024-09-18 07:51:58 App\Jobs\FailJob ............................... RUNNING
  2024-09-18 07:51:58 App\Jobs\FailJob .......................... 16.16ms FAIL
  2024-09-18 07:51:59 App\Jobs\FailJob ............................... RUNNING
  2024-09-18 07:51:59 App\Jobs\FailJob ........................... 3.52ms FAIL
  2024-09-18 07:52:01 App\Jobs\FailJob ............................... RUNNING
  2024-09-18 07:52:01 App\Jobs\FailJob ........................... 3.77ms FAIL
  2024-09-18 07:52:04 App\Jobs\FailJob ............................... RUNNING
  2024-09-18 07:52:04 App\Jobs\FailJob ........................... 7.39ms FAIL
  2024-09-18 07:52:06 App\Jobs\FailJob ............................... RUNNING
  2024-09-18 07:52:06 App\Jobs\FailJob ........................... 3.08ms FAIL
  2024-09-18 07:52:08 App\Jobs\FailJob ............................... RUNNING
  2024-09-18 07:52:08 App\Jobs\FailJob ........................... 3.25ms FAIL
  2024-09-18 07:52:10 App\Jobs\FailJob ............................... RUNNING
  2024-09-18 07:52:10 App\Jobs\FailJob ........................... 5.38ms FAIL
  2024-09-18 07:52:13 App\Jobs\FailJob ............................... RUNNING
  2024-09-18 07:52:13 App\Jobs\FailJob ........................... 4.50ms FAIL
  2024-09-18 07:52:15 App\Jobs\FailJob ............................... RUNNING
  2024-09-18 07:52:15 App\Jobs\FailJob ........................... 4.20ms FAIL
  2024-09-18 07:52:53 App\Jobs\FailJob ............................... RUNNING
  2024-09-18 07:52:53 App\Jobs\FailJob ........................... 4.78ms FAIL
  2024-09-18 07:52:53 App\Jobs\FailJob ............................... RUNNING
  2024-09-18 07:52:53 App\Jobs\FailJob ........................... 4.55ms FAIL
  2024-09-18 07:52:53 App\Jobs\FailJob ............................... RUNNING
  2024-09-18 07:52:53 App\Jobs\FailJob ........................... 2.94ms FAIL
  2024-09-18 07:52:53 App\Jobs\FailJob ............................... RUNNING
  2024-09-18 07:52:53 App\Jobs\FailJob ........................... 3.07ms FAIL
  2024-09-18 07:52:53 App\Jobs\FailJob ............................... RUNNING
  2024-09-18 07:52:53 App\Jobs\FailJob ........................... 3.02ms FAIL
  2024-09-18 07:52:53 App\Jobs\FailJob ............................... RUNNING
  2024-09-18 07:52:53 App\Jobs\FailJob ........................... 2.20ms FAIL
  2024-09-18 07:52:53 App\Jobs\FailJob ............................... RUNNING
  2024-09-18 07:52:53 App\Jobs\FailJob ........................... 2.51ms FAIL
  2024-09-18 07:52:53 App\Jobs\FailJob ............................... RUNNING
  2024-09-18 07:52:53 App\Jobs\FailJob ........................... 3.11ms FAIL
  2024-09-18 07:52:53 App\Jobs\FailJob ............................... RUNNING
  2024-09-18 07:52:53 App\Jobs\FailJob ........................... 1.72ms FAIL
  2024-09-18 07:52:53 App\Jobs\FailJob ............................... RUNNING
  2024-09-18 07:52:53 App\Jobs\FailJob ........................... 1.70ms FAIL
  2024-09-18 07:52:53 App\Jobs\FailJob ............................... RUNNING
  2024-09-18 07:52:53 App\Jobs\FailJob ........................... 1.79ms FAIL
  2024-09-18 07:52:53 App\Jobs\FailJob ............................... RUNNING
  2024-09-18 07:52:53 App\Jobs\FailJob ........................... 2.06ms FAIL
  2024-09-18 07:52:53 App\Jobs\FailJob ............................... RUNNING
  2024-09-18 07:52:53 App\Jobs\FailJob ........................... 2.29ms FAIL
  2024-09-18 07:52:53 App\Jobs\FailJob ............................... RUNNING
  2024-09-18 07:52:53 App\Jobs\FailJob ........................... 1.94ms FAIL
  2024-09-18 07:52:53 App\Jobs\FailJob ............................... RUNNING
  2024-09-18 07:52:53 App\Jobs\FailJob ........................... 2.30ms FAIL
  2024-09-18 07:52:53 App\Jobs\FailJob ............................... RUNNING
  2024-09-18 07:52:53 App\Jobs\FailJob ........................... 1.90ms FAIL
  2024-09-18 07:52:53 App\Jobs\FailJob ............................... RUNNING
  2024-09-18 07:52:53 App\Jobs\FailJob ........................... 2.30ms FAIL
  2024-09-18 07:52:53 App\Jobs\FailJob ............................... RUNNING
  2024-09-18 07:52:53 App\Jobs\FailJob ........................... 2.31ms FAIL
  2024-09-18 07:52:53 App\Jobs\FailJob ............................... RUNNING
  2024-09-18 07:52:53 App\Jobs\FailJob ........................... 1.99ms FAIL
  2024-09-18 07:52:53 App\Jobs\FailJob ............................... RUNNING
  2024-09-18 07:52:53 App\Jobs\FailJob ........................... 2.54ms FAIL
  2024-09-18 07:52:53 App\Jobs\FailJob ............................... RUNNING
  2024-09-18 07:52:53 App\Jobs\FailJob ........................... 1.69ms FAIL
  2024-09-18 07:52:53 App\Jobs\FailJob ............................... RUNNING
  2024-09-18 07:52:53 App\Jobs\FailJob ........................... 2.39ms FAIL
  2024-09-18 07:52:53 App\Jobs\FailJob ............................... RUNNING
  2024-09-18 07:52:53 App\Jobs\FailJob ........................... 2.20ms FAIL
  2024-09-18 07:52:53 App\Jobs\FailJob ............................... RUNNING
  2024-09-18 07:52:53 App\Jobs\FailJob ........................... 1.77ms FAIL
  2024-09-18 07:52:53 App\Jobs\FailJob ............................... RUNNING
  2024-09-18 07:52:53 App\Jobs\FailJob ........................... 2.07ms FAIL
  2024-09-18 07:52:53 App\Jobs\FailJob ............................... RUNNING
  2024-09-18 07:52:53 App\Jobs\FailJob ........................... 1.84ms FAIL
  2024-09-18 07:52:53 App\Jobs\FailJob ............................... RUNNING
  2024-09-18 07:52:53 App\Jobs\FailJob ........................... 1.97ms FAIL
  2024-09-18 07:52:53 App\Jobs\FailJob ............................... RUNNING
  2024-09-18 07:52:53 App\Jobs\FailJob ........................... 2.26ms FAIL
  2024-09-18 07:52:53 App\Jobs\FailJob ............................... RUNNING
  2024-09-18 07:52:53 App\Jobs\FailJob ........................... 1.92ms FAIL
  2024-09-18 07:52:53 App\Jobs\FailJob ............................... RUNNING
  2024-09-18 07:52:53 App\Jobs\FailJob ........................... 2.04ms FAIL
  2024-09-18 07:52:53 App\Jobs\FailJob ............................... RUNNING
  2024-09-18 07:52:53 App\Jobs\FailJob ........................... 2.06ms FAIL
  2024-09-18 07:52:53 App\Jobs\FailJob ............................... RUNNING
  2024-09-18 07:52:53 App\Jobs\FailJob ........................... 1.97ms FAIL
  2024-09-18 07:52:53 App\Jobs\FailJob ............................... RUNNING
  2024-09-18 07:52:53 App\Jobs\FailJob ........................... 1.97ms FAIL
  2024-09-18 07:52:53 App\Jobs\FailJob ............................... RUNNING
  2024-09-18 07:52:53 App\Jobs\FailJob ........................... 2.05ms FAIL
  2024-09-18 07:52:53 App\Jobs\FailJob ............................... RUNNING
  2024-09-18 07:52:53 App\Jobs\FailJob ........................... 2.00ms FAIL
  2024-09-18 07:52:53 App\Jobs\FailJob ............................... RUNNING
  2024-09-18 07:52:53 App\Jobs\FailJob ........................... 2.41ms FAIL
  2024-09-18 07:52:53 App\Jobs\FailJob ............................... RUNNING
  2024-09-18 07:52:53 App\Jobs\FailJob ........................... 2.16ms FAIL
  2024-09-18 07:52:53 App\Jobs\FailJob ............................... RUNNING
  2024-09-18 07:52:53 App\Jobs\FailJob ........................... 1.91ms FAIL
  2024-09-18 07:52:53 App\Jobs\FailJob ............................... RUNNING
  2024-09-18 07:52:53 App\Jobs\FailJob ........................... 2.22ms FAIL
  2024-09-18 07:52:53 App\Jobs\FailJob ............................... RUNNING
  2024-09-18 07:52:53 App\Jobs\FailJob ........................... 1.95ms FAIL
  2024-09-18 07:52:53 App\Jobs\FailJob ............................... RUNNING
  2024-09-18 07:52:53 App\Jobs\FailJob ........................... 2.37ms FAIL
  2024-09-18 07:52:53 App\Jobs\FailJob ............................... RUNNING
  2024-09-18 07:52:53 App\Jobs\FailJob ........................... 1.97ms FAIL
  2024-09-18 07:52:53 App\Jobs\FailJob ............................... RUNNING
  2024-09-18 07:52:53 App\Jobs\FailJob ........................... 1.60ms FAIL
  2024-09-18 07:52:53 App\Jobs\FailJob ............................... RUNNING
  2024-09-18 07:52:53 App\Jobs\FailJob ........................... 1.76ms FAIL
  2024-09-18 07:52:53 App\Jobs\FailJob ............................... RUNNING
  2024-09-18 07:52:53 App\Jobs\FailJob ........................... 1.72ms FAIL
  2024-09-18 07:52:53 App\Jobs\FailJob ............................... RUNNING
  2024-09-18 07:52:53 App\Jobs\FailJob ........................... 1.88ms FAIL
  2024-09-18 07:52:53 App\Jobs\FailJob ............................... RUNNING
  2024-09-18 07:52:53 App\Jobs\FailJob ........................... 1.98ms FAIL
  2024-09-18 07:52:53 App\Jobs\FailJob ............................... RUNNING
  2024-09-18 07:52:53 App\Jobs\FailJob ........................... 2.01ms FAIL
  2024-09-18 07:52:53 App\Jobs\FailJob ............................... RUNNING
  2024-09-18 07:52:53 App\Jobs\FailJob ........................... 2.15ms FAIL
  2024-09-18 07:52:53 App\Jobs\FailJob ............................... RUNNING
  2024-09-18 07:52:53 App\Jobs\FailJob ........................... 1.97ms FAIL
  2024-09-18 07:52:53 App\Jobs\SucessJob ............................. RUNNING
  2024-09-18 07:52:53 App\Jobs\SucessJob ......................... 1.67ms DONE
  2024-09-18 07:52:53 App\Jobs\SucessJob ............................. RUNNING
  2024-09-18 07:52:53 App\Jobs\SucessJob ......................... 1.35ms DONE
  2024-09-18 07:52:53 App\Jobs\SucessJob ............................. RUNNING
  2024-09-18 07:52:53 App\Jobs\SucessJob ......................... 1.15ms DONE
  2024-09-18 07:52:53 App\Jobs\SucessJob ............................. RUNNING
  2024-09-18 07:52:53 App\Jobs\SucessJob ......................... 1.03ms DONE
  2024-09-18 07:52:53 App\Jobs\SucessJob ............................. RUNNING
  2024-09-18 07:52:53 App\Jobs\SucessJob ......................... 1.11ms DONE
  2024-09-18 07:52:53 App\Jobs\SucessJob ............................. RUNNING
  2024-09-18 07:52:53 App\Jobs\SucessJob ......................... 1.13ms DONE
  2024-09-18 07:52:53 App\Jobs\SucessJob ............................. RUNNING
  2024-09-18 07:52:53 App\Jobs\SucessJob ......................... 1.23ms DONE
  2024-09-18 07:52:53 App\Jobs\SucessJob ............................. RUNNING
  2024-09-18 07:52:53 App\Jobs\SucessJob ......................... 1.44ms DONE
  2024-09-18 07:52:53 App\Jobs\SucessJob ............................. RUNNING
  2024-09-18 07:52:53 App\Jobs\SucessJob ......................... 0.94ms DONE
  2024-09-18 07:52:53 App\Jobs\SucessJob ............................. RUNNING
  2024-09-18 07:52:53 App\Jobs\SucessJob ......................... 1.47ms DONE
  2024-09-18 07:52:53 App\Jobs\FailJob ............................... RUNNING
  2024-09-18 07:52:53 App\Jobs\FailJob ........................... 2.46ms FAIL
  2024-09-18 07:52:53 App\Jobs\FailJob ............................... RUNNING
  2024-09-18 07:52:53 App\Jobs\FailJob ........................... 1.79ms FAIL
  2024-09-18 07:52:53 App\Jobs\FailJob ............................... RUNNING
  2024-09-18 07:52:53 App\Jobs\FailJob ........................... 2.44ms FAIL
  2024-09-18 07:52:53 App\Jobs\FailJob ............................... RUNNING
  2024-09-18 07:52:53 App\Jobs\FailJob ........................... 1.71ms FAIL
  2024-09-18 07:52:53 App\Jobs\FailJob ............................... RUNNING
  2024-09-18 07:52:53 App\Jobs\FailJob ........................... 1.54ms FAIL
  2024-09-18 07:52:53 App\Jobs\FailJob ............................... RUNNING
  2024-09-18 07:52:53 App\Jobs\FailJob ........................... 2.21ms FAIL
  2024-09-18 07:52:53 App\Jobs\FailJob ............................... RUNNING
  2024-09-18 07:52:53 App\Jobs\FailJob ........................... 2.74ms FAIL
  2024-09-18 07:52:53 App\Jobs\FailJob ............................... RUNNING
  2024-09-18 07:52:53 App\Jobs\FailJob ........................... 1.82ms FAIL
  2024-09-18 07:52:53 App\Jobs\FailJob ............................... RUNNING
  2024-09-18 07:52:53 App\Jobs\FailJob ........................... 1.69ms FAIL
  2024-09-18 07:52:53 App\Jobs\FailJob ............................... RUNNING
  2024-09-18 07:52:53 App\Jobs\FailJob ........................... 1.87ms FAIL
  2024-09-18 07:52:53 App\Jobs\FailJob ............................... RUNNING
  2024-09-18 07:52:53 App\Jobs\FailJob ........................... 2.45ms FAIL
  2024-09-18 07:52:53 App\Jobs\FailJob ............................... RUNNING
  2024-09-18 07:52:53 App\Jobs\FailJob ........................... 1.87ms FAIL
  2024-09-18 07:52:53 App\Jobs\FailJob ............................... RUNNING
  2024-09-18 07:52:53 App\Jobs\FailJob ........................... 1.85ms FAIL
  2024-09-18 07:52:53 App\Jobs\FailJob ............................... RUNNING
  2024-09-18 07:52:53 App\Jobs\FailJob ........................... 1.81ms FAIL
  2024-09-18 07:52:53 App\Jobs\FailJob ............................... RUNNING
  2024-09-18 07:52:53 App\Jobs\FailJob ........................... 1.88ms FAIL
  2024-09-18 07:52:53 App\Jobs\FailJob ............................... RUNNING
  2024-09-18 07:52:53 App\Jobs\FailJob ........................... 2.38ms FAIL
  2024-09-18 07:52:53 App\Jobs\FailJob ............................... RUNNING
  2024-09-18 07:52:53 App\Jobs\FailJob ........................... 2.05ms FAIL
  2024-09-18 07:52:53 App\Jobs\FailJob ............................... RUNNING
  2024-09-18 07:52:53 App\Jobs\FailJob ........................... 2.33ms FAIL
  2024-09-18 07:52:53 App\Jobs\FailJob ............................... RUNNING
  2024-09-18 07:52:53 App\Jobs\FailJob ........................... 1.64ms FAIL
  2024-09-18 07:52:53 App\Jobs\FailJob ............................... RUNNING
  2024-09-18 07:52:53 App\Jobs\FailJob ........................... 2.27ms FAIL
  2024-09-18 07:52:53 App\Jobs\FailJob ............................... RUNNING
  2024-09-18 07:52:53 App\Jobs\FailJob ........................... 1.68ms FAIL
  2024-09-18 07:52:53 App\Jobs\FailJob ............................... RUNNING
  2024-09-18 07:52:53 App\Jobs\FailJob ........................... 2.28ms FAIL
  2024-09-18 07:52:53 App\Jobs\FailJob ............................... RUNNING
  2024-09-18 07:52:53 App\Jobs\FailJob ........................... 3.45ms FAIL
  2024-09-18 07:52:53 App\Jobs\FailJob ............................... RUNNING
  2024-09-18 07:52:53 App\Jobs\FailJob ........................... 2.22ms FAIL
  2024-09-18 07:52:53 App\Jobs\FailJob ............................... RUNNING
  2024-09-18 07:52:53 App\Jobs\FailJob ........................... 1.84ms FAIL
  2024-09-18 07:52:53 App\Jobs\FailJob ............................... RUNNING
  2024-09-18 07:52:53 App\Jobs\FailJob ........................... 1.82ms FAIL
  2024-09-18 07:52:53 App\Jobs\FailJob ............................... RUNNING
  2024-09-18 07:52:53 App\Jobs\FailJob ........................... 1.96ms FAIL
  2024-09-18 07:52:53 App\Jobs\FailJob ............................... RUNNING
  2024-09-18 07:52:53 App\Jobs\FailJob ........................... 1.57ms FAIL
  2024-09-18 07:52:53 App\Jobs\FailJob ............................... RUNNING
  2024-09-18 07:52:53 App\Jobs\FailJob ........................... 1.73ms FAIL
  2024-09-18 07:52:53 App\Jobs\FailJob ............................... RUNNING
  2024-09-18 07:52:53 App\Jobs\FailJob ........................... 1.60ms FAIL
  2024-09-18 07:52:53 App\Jobs\FailJob ............................... RUNNING
  2024-09-18 07:52:53 App\Jobs\FailJob ........................... 1.81ms FAIL
  2024-09-18 07:52:53 App\Jobs\FailJob ............................... RUNNING
  2024-09-18 07:52:53 App\Jobs\FailJob ........................... 1.96ms FAIL
  2024-09-18 07:52:53 App\Jobs\FailJob ............................... RUNNING
  2024-09-18 07:52:53 App\Jobs\FailJob ........................... 1.68ms FAIL
  2024-09-18 07:52:53 App\Jobs\FailJob ............................... RUNNING
  2024-09-18 07:52:53 App\Jobs\FailJob ........................... 1.90ms FAIL
  2024-09-18 07:52:53 App\Jobs\FailJob ............................... RUNNING
  2024-09-18 07:52:53 App\Jobs\FailJob ........................... 1.81ms FAIL
  2024-09-18 07:52:53 App\Jobs\FailJob ............................... RUNNING
  2024-09-18 07:52:53 App\Jobs\FailJob ........................... 1.87ms FAIL
  2024-09-18 07:52:53 App\Jobs\FailJob ............................... RUNNING
  2024-09-18 07:52:53 App\Jobs\FailJob ........................... 1.94ms FAIL
  2024-09-18 07:52:53 App\Jobs\FailJob ............................... RUNNING
  2024-09-18 07:52:53 App\Jobs\FailJob ........................... 1.74ms FAIL
  2024-09-18 07:52:53 App\Jobs\FailJob ............................... RUNNING
  2024-09-18 07:52:53 App\Jobs\FailJob ........................... 1.71ms FAIL
  2024-09-18 07:52:53 App\Jobs\FailJob ............................... RUNNING
  2024-09-18 07:52:53 App\Jobs\FailJob ........................... 1.91ms FAIL
  2024-09-18 07:52:53 App\Jobs\FailJob ............................... RUNNING
  2024-09-18 07:52:53 App\Jobs\FailJob ........................... 1.65ms FAIL
  2024-09-18 07:52:53 App\Jobs\FailJob ............................... RUNNING
  2024-09-18 07:52:53 App\Jobs\FailJob ........................... 2.01ms FAIL
  2024-09-18 07:52:53 App\Jobs\FailJob ............................... RUNNING
  2024-09-18 07:52:53 App\Jobs\FailJob ........................... 2.08ms FAIL
  2024-09-18 07:52:53 App\Jobs\FailJob ............................... RUNNING
  2024-09-18 07:52:53 App\Jobs\FailJob ........................... 2.54ms FAIL
  2024-09-18 07:52:53 App\Jobs\FailJob ............................... RUNNING
  2024-09-18 07:52:53 App\Jobs\FailJob ........................... 2.06ms FAIL
  2024-09-18 07:52:53 App\Jobs\FailJob ............................... RUNNING
  2024-09-18 07:52:53 App\Jobs\FailJob ........................... 1.84ms FAIL
  2024-09-18 07:52:53 App\Jobs\FailJob ............................... RUNNING
  2024-09-18 07:52:53 App\Jobs\FailJob ........................... 2.39ms FAIL
  2024-09-18 07:52:53 App\Jobs\FailJob ............................... RUNNING
  2024-09-18 07:52:53 App\Jobs\FailJob ........................... 2.04ms FAIL
  2024-09-18 07:52:53 App\Jobs\FailJob ............................... RUNNING
  2024-09-18 07:52:53 App\Jobs\FailJob ........................... 4.13ms FAIL
  2024-09-18 07:52:53 App\Jobs\FailJob ............................... RUNNING
  2024-09-18 07:52:53 App\Jobs\FailJob ........................... 3.05ms FAIL
  2024-09-18 07:52:53 App\Jobs\FailJob ............................... RUNNING
  2024-09-18 07:52:53 App\Jobs\FailJob ........................... 3.02ms FAIL
  2024-09-18 07:52:55 App\Jobs\FailJob ............................... RUNNING
  2024-09-18 07:52:55 App\Jobs\FailJob ........................... 4.83ms FAIL
  2024-09-18 07:52:58 App\Jobs\FailJob ............................... RUNNING
  2024-09-18 07:52:58 App\Jobs\FailJob ........................... 3.07ms FAIL
  2024-09-18 07:52:59 App\Jobs\FailJob ............................... RUNNING
  2024-09-18 07:52:59 App\Jobs\FailJob ........................... 3.50ms FAIL
  2024-09-18 07:53:01 App\Jobs\FailJob ............................... RUNNING
  2024-09-18 07:53:01 App\Jobs\FailJob ........................... 4.22ms FAIL
  2024-09-18 07:53:03 App\Jobs\FailJob ............................... RUNNING
  2024-09-18 07:53:03 App\Jobs\FailJob ........................... 4.84ms FAIL
  2024-09-18 07:53:04 App\Jobs\FailJob ............................... RUNNING
  2024-09-18 07:53:04 App\Jobs\FailJob ........................... 3.78ms FAIL
  2024-09-18 07:53:07 App\Jobs\FailJob ............................... RUNNING
  2024-09-18 07:53:07 App\Jobs\FailJob ........................... 3.30ms FAIL
  2024-09-18 07:53:10 App\Jobs\FailJob ............................... RUNNING
  2024-09-18 07:53:10 App\Jobs\FailJob ........................... 7.18ms FAIL
  2024-09-18 07:53:12 App\Jobs\FailJob ............................... RUNNING
  2024-09-18 07:53:12 App\Jobs\FailJob ........................... 3.46ms FAIL
  2024-09-18 07:53:13 App\Jobs\FailJob ............................... RUNNING
  2024-09-18 07:53:13 App\Jobs\FailJob ........................... 8.17ms FAIL
  2024-09-18 07:53:16 App\Jobs\FailJob ............................... RUNNING
  2024-09-18 07:53:16 App\Jobs\FailJob ........................... 3.92ms FAIL
  2024-09-18 07:53:18 App\Jobs\FailJob ............................... RUNNING
  2024-09-18 07:53:18 App\Jobs\FailJob ........................... 3.67ms FAIL
  2024-09-18 07:53:20 App\Jobs\FailJob ............................... RUNNING
  2024-09-18 07:53:20 App\Jobs\FailJob ........................... 3.57ms FAIL
  2024-09-18 07:53:22 App\Jobs\FailJob ............................... RUNNING
  2024-09-18 07:53:22 App\Jobs\FailJob ........................... 4.29ms FAIL
  2024-09-18 07:53:23 App\Jobs\FailJob ............................... RUNNING
  2024-09-18 07:53:23 App\Jobs\FailJob ........................... 3.12ms FAIL
  2024-09-18 07:53:26 App\Jobs\FailJob ............................... RUNNING
  2024-09-18 07:53:26 App\Jobs\FailJob ........................... 3.88ms FAIL
  2024-09-18 07:53:27 App\Jobs\FailJob ............................... RUNNING
  2024-09-18 07:53:27 App\Jobs\FailJob ........................... 3.20ms FAIL
  2024-09-18 07:53:29 App\Jobs\FailJob ............................... RUNNING
  2024-09-18 07:53:29 App\Jobs\FailJob ........................... 3.74ms FAIL
  2024-09-18 07:53:32 App\Jobs\FailJob ............................... RUNNING
  2024-09-18 07:53:32 App\Jobs\FailJob ........................... 3.32ms FAIL
